<?xml version="1.0" encoding="UTF-8"?>
<!-- Generated by org.testng.reporters.JUnitXMLReporter -->
<testsuite hostname="DESKTOP-6R9UECD" ignored="0" name="Test" tests="1" failures="1" timestamp="01 Aug 2019 05:20:40 GMT" time="38.412" errors="0">
  <testcase name="verifyHomePageWith3Sliders" time="33.956" classname="TestCases.homePageWith3Sliders">
    <failure type="java.lang.ClassCastException" message="org.openqa.selenium.remote.RemoteWebElement cannot be cast to java.util.List">
      <![CDATA[java.lang.ClassCastException: org.openqa.selenium.remote.RemoteWebElement cannot be cast to java.util.List
at Keywords.SimpleKeyword.countElements(SimpleKeyword.java:25)
at TestCases.homePageWith3Sliders.verifyHomePageWith3Sliders(homePageWith3Sliders.java:23)
... Removed 25 stack frames]]>
    </failure>
  </testcase> <!-- verifyHomePageWith3Sliders -->
</testsuite> <!-- Test -->
