<?xml version="1.0" encoding="UTF-8"?>
<testng-results skipped="0" failed="0" ignored="0" total="1" passed="1">
  <reporter-output>
  </reporter-output>
  <suite name="Suite" duration-ms="22382" started-at="2019-08-02T04:46:08Z" finished-at="2019-08-02T04:46:30Z">
    <groups>
    </groups>
    <test name="Test" duration-ms="22382" started-at="2019-08-02T04:46:08Z" finished-at="2019-08-02T04:46:30Z">
      <class name="TestCases.Cleanup">
        <test-method status="PASS" signature="cleanUp()[pri:0, instance:TestCases.Cleanup@29774679]" name="cleanUp" is-config="true" duration-ms="2316" started-at="2019-08-02T04:46:28Z" finished-at="2019-08-02T04:46:30Z">
          <reporter-output>
          </reporter-output>
        </test-method> <!-- cleanUp -->
      </class> <!-- TestCases.Cleanup -->
      <class name="TestCases.Startup">
        <test-method status="PASS" signature="Setup()[pri:0, instance:TestCases.Startup@4501b7af]" name="Setup" is-config="true" duration-ms="4144" started-at="2019-08-02T04:46:08Z" finished-at="2019-08-02T04:46:12Z">
          <reporter-output>
          </reporter-output>
        </test-method> <!-- Setup -->
      </class> <!-- TestCases.Startup -->
      <class name="TestCases.registerSuccessForNewAccount">
        <test-method status="PASS" signature="verifyRegisterSuccessForNewAccount()[pri:0, instance:TestCases.registerSuccessForNewAccount@523884b2]" name="verifyRegisterSuccessForNewAccount" duration-ms="15897" started-at="2019-08-02T04:46:12Z" finished-at="2019-08-02T04:46:28Z">
          <reporter-output>
          </reporter-output>
        </test-method> <!-- verifyRegisterSuccessForNewAccount -->
      </class> <!-- TestCases.registerSuccessForNewAccount -->
    </test> <!-- Test -->
  </suite> <!-- Suite -->
</testng-results>
