<?xml version="1.0" encoding="UTF-8"?>
<testng-results skipped="0" failed="0" ignored="0" total="1" passed="1">
  <reporter-output>
  </reporter-output>
  <suite name="Suite" duration-ms="39785" started-at="2019-07-31T05:34:48Z" finished-at="2019-07-31T05:35:28Z">
    <groups>
    </groups>
    <test name="Test" duration-ms="39785" started-at="2019-07-31T05:34:48Z" finished-at="2019-07-31T05:35:28Z">
      <class name="TestCases.Startup">
        <test-method status="PASS" signature="Setup()[pri:0, instance:TestCases.Startup@59fa1d9b]" name="Setup" is-config="true" duration-ms="5249" started-at="2019-07-31T05:34:48Z" finished-at="2019-07-31T05:34:53Z">
          <reporter-output>
          </reporter-output>
        </test-method> <!-- Setup -->
      </class> <!-- TestCases.Startup -->
      <class name="TestCases.homePageWith3Sliders">
        <test-method status="PASS" signature="verifyHomePageWith3Sliders()[pri:0, instance:TestCases.homePageWith3Sliders@28d25987]" name="verifyHomePageWith3Sliders" duration-ms="34488" started-at="2019-07-31T05:34:54Z" finished-at="2019-07-31T05:35:28Z">
          <reporter-output>
          </reporter-output>
        </test-method> <!-- verifyHomePageWith3Sliders -->
      </class> <!-- TestCases.homePageWith3Sliders -->
    </test> <!-- Test -->
  </suite> <!-- Suite -->
</testng-results>
